<?xml version="1.0" encoding="UTF-8"?>
<coverage generated="1753368441070" clover="3.2.0">
  <project timestamp="1753368441070" name="All files">
    <metrics statements="22" coveredstatements="19" conditionals="22" coveredconditionals="10" methods="6" coveredmethods="3" elements="50" coveredelements="32" complexity="0" loc="22" ncloc="22" packages="1" files="5" classes="5"/>
    <file name="all.js" path="C:\Users\almostkbal\Desktop\Jest\all.js">
      <metrics statements="2" coveredstatements="2" conditionals="0" coveredconditionals="0" methods="0" coveredmethods="0"/>
      <line num="1" count="1" type="stmt"/>
      <line num="3" count="1" type="stmt"/>
    </file>
    <file name="input.js" path="C:\Users\almostkbal\Desktop\Jest\input.js">
      <metrics statements="11" coveredstatements="11" conditionals="10" coveredconditionals="10" methods="1" coveredmethods="1"/>
      <line num="10" count="4" type="cond" truecount="2" falsecount="0"/>
      <line num="11" count="1" type="stmt"/>
      <line num="13" count="4" type="cond" truecount="4" falsecount="0"/>
      <line num="14" count="1" type="stmt"/>
      <line num="16" count="4" type="cond" truecount="2" falsecount="0"/>
      <line num="17" count="1" type="stmt"/>
      <line num="19" count="4" type="cond" truecount="2" falsecount="0"/>
      <line num="20" count="1" type="stmt"/>
      <line num="22" count="4" type="stmt"/>
      <line num="24" count="1" type="stmt"/>
      <line num="26" count="1" type="stmt"/>
    </file>
    <file name="mock.js" path="C:\Users\almostkbal\Desktop\Jest\mock.js">
      <metrics statements="2" coveredstatements="1" conditionals="0" coveredconditionals="0" methods="1" coveredmethods="0"/>
      <line num="2" count="0" type="stmt"/>
      <line num="5" count="1" type="stmt"/>
    </file>
    <file name="ownMatchers.js" path="C:\Users\almostkbal\Desktop\Jest\ownMatchers.js">
      <metrics statements="2" coveredstatements="2" conditionals="0" coveredconditionals="0" methods="0" coveredmethods="0"/>
      <line num="1" count="1" type="stmt"/>
      <line num="3" count="1" type="stmt"/>
    </file>
    <file name="sum.js" path="C:\Users\almostkbal\Desktop\Jest\sum.js">
      <metrics statements="5" coveredstatements="3" conditionals="12" coveredconditionals="0" methods="4" coveredmethods="2"/>
      <line num="7" count="1" type="stmt"/>
      <line num="8" count="0" type="cond" truecount="0" falsecount="6"/>
      <line num="12" count="0" type="cond" truecount="0" falsecount="6"/>
      <line num="15" count="8" type="stmt"/>
      <line num="17" count="1" type="stmt"/>
    </file>
  </project>
</coverage>
