{"C:\\Users\\almostkbal\\Desktop\\Jest\\all.js": {"path":"C:\\Users\\almostkbal\\Desktop\\Jest\\all.js","statementMap":{"0":{"start":{"line":1,"column":11},"end":{"line":1,"column":32}},"1":{"start":{"line":3,"column":0},"end":{"line":3,"column":22}}},"fnMap":{},"branchMap":{},"s":{"0":1,"1":1},"f":{},"b":{},"_coverageSchema":"1a1c01bbd47fc00a2c39e90264f33305004495a9","hash":"74ded6644550688b45e3c00930473e6773e16e11"}
,"C:\\Users\\almostkbal\\Desktop\\Jest\\input.js": {"path":"C:\\Users\\almostkbal\\Desktop\\Jest\\input.js","statementMap":{"0":{"start":{"line":10,"column":2},"end":{"line":12,"column":3}},"1":{"start":{"line":11,"column":4},"end":{"line":11,"column":20}},"2":{"start":{"line":13,"column":2},"end":{"line":15,"column":3}},"3":{"start":{"line":14,"column":4},"end":{"line":14,"column":22}},"4":{"start":{"line":16,"column":2},"end":{"line":18,"column":3}},"5":{"start":{"line":17,"column":4},"end":{"line":17,"column":31}},"6":{"start":{"line":19,"column":2},"end":{"line":21,"column":3}},"7":{"start":{"line":20,"column":4},"end":{"line":20,"column":28}},"8":{"start":{"line":22,"column":2},"end":{"line":22,"column":13}},"9":{"start":{"line":24,"column":0},"end":{"line":24,"column":27}},"10":{"start":{"line":26,"column":0},"end":{"line":26,"column":13}}},"fnMap":{"0":{"name":"filterName","decl":{"start":{"line":9,"column":9},"end":{"line":9,"column":19}},"loc":{"start":{"line":9,"column":25},"end":{"line":23,"column":1}},"line":9}},"branchMap":{"0":{"loc":{"start":{"line":10,"column":2},"end":{"line":12,"column":3}},"type":"if","locations":[{"start":{"line":10,"column":2},"end":{"line":12,"column":3}},{"start":{},"end":{}}],"line":10},"1":{"loc":{"start":{"line":13,"column":2},"end":{"line":15,"column":3}},"type":"if","locations":[{"start":{"line":13,"column":2},"end":{"line":15,"column":3}},{"start":{},"end":{}}],"line":13},"2":{"loc":{"start":{"line":13,"column":5},"end":{"line":13,"column":47}},"type":"binary-expr","locations":[{"start":{"line":13,"column":5},"end":{"line":13,"column":25}},{"start":{"line":13,"column":29},"end":{"line":13,"column":47}}],"line":13},"3":{"loc":{"start":{"line":16,"column":2},"end":{"line":18,"column":3}},"type":"if","locations":[{"start":{"line":16,"column":2},"end":{"line":18,"column":3}},{"start":{},"end":{}}],"line":16},"4":{"loc":{"start":{"line":19,"column":2},"end":{"line":21,"column":3}},"type":"if","locations":[{"start":{"line":19,"column":2},"end":{"line":21,"column":3}},{"start":{},"end":{}}],"line":19}},"s":{"0":4,"1":1,"2":4,"3":1,"4":4,"5":1,"6":4,"7":1,"8":4,"9":1,"10":1},"f":{"0":4},"b":{"0":[1,3],"1":[1,3],"2":[4,4],"3":[1,3],"4":[1,3]},"_coverageSchema":"1a1c01bbd47fc00a2c39e90264f33305004495a9","hash":"99024e33c27c5bb01dc59063897f11bd78724a80"}
,"C:\\Users\\almostkbal\\Desktop\\Jest\\mock.js": {"path":"C:\\Users\\almostkbal\\Desktop\\Jest\\mock.js","statementMap":{"0":{"start":{"line":2,"column":2},"end":{"line":2,"column":24}},"1":{"start":{"line":5,"column":0},"end":{"line":5,"column":25}}},"fnMap":{"0":{"name":"sayHello","decl":{"start":{"line":1,"column":9},"end":{"line":1,"column":17}},"loc":{"start":{"line":1,"column":23},"end":{"line":3,"column":1}},"line":1}},"branchMap":{},"s":{"0":0,"1":1},"f":{"0":0},"b":{},"_coverageSchema":"1a1c01bbd47fc00a2c39e90264f33305004495a9","hash":"097dabeb130fccaebda3cb316e8acdf359e7e56d"}
,"C:\\Users\\almostkbal\\Desktop\\Jest\\ownMatchers.js": {"path":"C:\\Users\\almostkbal\\Desktop\\Jest\\ownMatchers.js","statementMap":{"0":{"start":{"line":1,"column":10},"end":{"line":1,"column":29}},"1":{"start":{"line":3,"column":0},"end":{"line":3,"column":21}}},"fnMap":{},"branchMap":{},"s":{"0":1,"1":1},"f":{},"b":{},"_coverageSchema":"1a1c01bbd47fc00a2c39e90264f33305004495a9","hash":"2a26eb12a3c22ce12b6c12e4bba3f0c3af963d9d"}
,"C:\\Users\\almostkbal\\Desktop\\Jest\\sum.js": {"path":"C:\\Users\\almostkbal\\Desktop\\Jest\\sum.js","statementMap":{"0":{"start":{"line":7,"column":13},"end":{"line":9,"column":1}},"1":{"start":{"line":8,"column":2},"end":{"line":8,"column":53}},"2":{"start":{"line":12,"column":2},"end":{"line":12,"column":53}},"3":{"start":{"line":15,"column":14},"end":{"line":15,"column":66}},"4":{"start":{"line":15,"column":26},"end":{"line":15,"column":66}},"5":{"start":{"line":15,"column":51},"end":{"line":15,"column":61}},"6":{"start":{"line":17,"column":0},"end":{"line":17,"column":25}}},"fnMap":{"0":{"name":"(anonymous_0)","decl":{"start":{"line":7,"column":13},"end":{"line":7,"column":14}},"loc":{"start":{"line":7,"column":31},"end":{"line":9,"column":1}},"line":7},"1":{"name":"theSum2","decl":{"start":{"line":11,"column":9},"end":{"line":11,"column":16}},"loc":{"start":{"line":11,"column":32},"end":{"line":13,"column":1}},"line":11},"2":{"name":"(anonymous_2)","decl":{"start":{"line":15,"column":14},"end":{"line":15,"column":15}},"loc":{"start":{"line":15,"column":26},"end":{"line":15,"column":66}},"line":15},"3":{"name":"(anonymous_3)","decl":{"start":{"line":15,"column":37},"end":{"line":15,"column":38}},"loc":{"start":{"line":15,"column":51},"end":{"line":15,"column":61}},"line":15}},"branchMap":{"0":{"loc":{"start":{"line":8,"column":10},"end":{"line":8,"column":18}},"type":"binary-expr","locations":[{"start":{"line":8,"column":10},"end":{"line":8,"column":13}},{"start":{"line":8,"column":17},"end":{"line":8,"column":18}}],"line":8},"1":{"loc":{"start":{"line":8,"column":22},"end":{"line":8,"column":34}},"type":"binary-expr","locations":[{"start":{"line":8,"column":22},"end":{"line":8,"column":26}},{"start":{"line":8,"column":30},"end":{"line":8,"column":34}}],"line":8},"2":{"loc":{"start":{"line":8,"column":39},"end":{"line":8,"column":51}},"type":"binary-expr","locations":[{"start":{"line":8,"column":39},"end":{"line":8,"column":43}},{"start":{"line":8,"column":47},"end":{"line":8,"column":51}}],"line":8},"3":{"loc":{"start":{"line":12,"column":10},"end":{"line":12,"column":18}},"type":"binary-expr","locations":[{"start":{"line":12,"column":10},"end":{"line":12,"column":13}},{"start":{"line":12,"column":17},"end":{"line":12,"column":18}}],"line":12},"4":{"loc":{"start":{"line":12,"column":22},"end":{"line":12,"column":34}},"type":"binary-expr","locations":[{"start":{"line":12,"column":22},"end":{"line":12,"column":26}},{"start":{"line":12,"column":30},"end":{"line":12,"column":34}}],"line":12},"5":{"loc":{"start":{"line":12,"column":39},"end":{"line":12,"column":51}},"type":"binary-expr","locations":[{"start":{"line":12,"column":39},"end":{"line":12,"column":43}},{"start":{"line":12,"column":47},"end":{"line":12,"column":51}}],"line":12}},"s":{"0":1,"1":0,"2":0,"3":1,"4":3,"5":8,"6":1},"f":{"0":0,"1":0,"2":3,"3":8},"b":{"0":[0,0],"1":[0,0],"2":[0,0],"3":[0,0],"4":[0,0],"5":[0,0]},"_coverageSchema":"1a1c01bbd47fc00a2c39e90264f33305004495a9","hash":"76d4aaa74a4cadd770036aba809e95bb8dadd417"}
}
