TN:
SF:all.js
FNF:0
FNH:0
DA:1,1
DA:3,1
LF:2
LH:2
BRF:0
BRH:0
end_of_record
TN:
SF:input.js
FN:9,filterName
FNF:1
FNH:1
FNDA:4,filterName
DA:10,4
DA:11,1
DA:13,4
DA:14,1
DA:16,4
DA:17,1
DA:19,4
DA:20,1
DA:22,4
DA:24,1
DA:26,1
LF:11
LH:11
BRDA:10,0,0,1
BRDA:10,0,1,3
BRDA:13,1,0,1
BRDA:13,1,1,3
BRDA:13,2,0,4
BRDA:13,2,1,4
BRDA:16,3,0,1
BRDA:16,3,1,3
BRDA:19,4,0,1
BRDA:19,4,1,3
BRF:10
BRH:10
end_of_record
TN:
SF:mock.js
FN:1,sayHello
FNF:1
FNH:0
FNDA:0,sayHello
DA:2,0
DA:5,1
LF:2
LH:1
BRF:0
BRH:0
end_of_record
TN:
SF:ownMatchers.js
FNF:0
FNH:0
DA:1,1
DA:3,1
LF:2
LH:2
BRF:0
BRH:0
end_of_record
TN:
SF:sum.js
FN:7,(anonymous_0)
FN:11,theSum2
FN:15,(anonymous_2)
FN:15,(anonymous_3)
FNF:4
FNH:2
FNDA:0,(anonymous_0)
FNDA:0,theSum2
FNDA:3,(anonymous_2)
FNDA:8,(anonymous_3)
DA:7,1
DA:8,0
DA:12,0
DA:15,8
DA:17,1
LF:5
LH:3
BRDA:8,0,0,0
BRDA:8,0,1,0
BRDA:8,1,0,0
BRDA:8,1,1,0
BRDA:8,2,0,0
BRDA:8,2,1,0
BRDA:12,3,0,0
BRDA:12,3,1,0
BRDA:12,4,0,0
BRDA:12,4,1,0
BRDA:12,5,0,0
BRDA:12,5,1,0
BRF:12
BRH:0
end_of_record
